Arguments: 
  /Users/stefankosavic/.nvm/versions/node/v16.18.1/bin/node /Users/stefankosavic/.nvm/versions/node/v16.18.1/bin/yarn init

PATH: 
  /Users/stefankosavic/.nvm/versions/node/v16.18.1/bin:~/.nvm/versions/node/v12.22.1/bin:/usr/local/bin:/System/Cryptexes/App/usr/bin:/usr/bin:/bin:/usr/sbin:/sbin:/Library/Apple/usr/bin:/Users/stefankosavic/.nvm/versions/node/v16.18.1/bin:~/.nvm/versions/node/v12.22.1/bin:/Users/stefankosavic/.fig/bin:/Users/stefankosavic/.local/bin

Yarn version: 
  1.22.19

Node version: 
  16.18.1

Platform: 
  darwin x64

Trace: 
  Error: canceled
      at Interface.<anonymous> (/Users/stefankosavic/.nvm/versions/node/v16.18.1/lib/node_modules/yarn/lib/cli.js:137150:13)
      at Interface.emit (node:events:513:28)
      at Interface._ttyWrite (node:readline:1085:16)
      at ReadStream.onkeypress (node:readline:291:10)
      at ReadStream.emit (node:events:513:28)
      at emitKeys (node:internal/readline/utils:357:14)
      at emitKeys.next (<anonymous>)
      at ReadStream.onData (node:internal/readline/emitKeypressEvents:61:36)
      at ReadStream.emit (node:events:513:28)
      at addChunk (node:internal/streams/readable:315:12)

npm manifest: 
  No manifest

yarn manifest: 
  No manifest

Lockfile: 
  No lockfile
